<?xml version="1.0" encoding="UTF-8"?>
<!-- Generated by org.testng.reporters.JUnitReportReporter -->
<testsuite skipped="0" hostname="PT-CTL-003" name="com.Pratian.Culturewerkz.Automation.TestClasses.TestSignIn" tests="1" failures="0" timestamp="2020-11-30T16:00:50 IST" time="2.402" errors="0">
  <testcase name="signInWithValidCredentials" time="2.402" classname="com.Pratian.Culturewerkz.Automation.TestClasses.TestSignIn"/>
  <system-out/>
</testsuite> <!-- com.Pratian.Culturewerkz.Automation.TestClasses.TestSignIn -->
