<?xml version="1.0" encoding="UTF-8"?>
<!-- Generated by org.testng.reporters.JUnitReportReporter -->
<testsuite skipped="0" hostname="DESKTOP-UF756DS" name="com.Pratian.Culturewerkz.Automation.TestClasses.TestSignIn3" tests="1" failures="0" timestamp="2020-12-07T21:14:12 IST" time="2.761" errors="0">
  <testcase name="signInWithoutCredentials" time="2.761" classname="com.Pratian.Culturewerkz.Automation.TestClasses.TestSignIn3"/>
  <system-out/>
</testsuite> <!-- com.Pratian.Culturewerkz.Automation.TestClasses.TestSignIn3 -->
