<?xml version="1.0" encoding="UTF-8"?>
<!-- Generated by org.testng.reporters.JUnitReportReporter -->
<testsuite skipped="0" hostname="DESKTOP-UF756DS" name="com.Pratian.Culturewerkz.Automation.TestClasses.TestAddKeyResult" tests="1" failures="0" timestamp="2020-12-15T16:14:33 IST" time="52.714" errors="0">
  <testcase name="addKeyResult" time="52.714" classname="com.Pratian.Culturewerkz.Automation.TestClasses.TestAddKeyResult"/>
  <system-out/>
</testsuite> <!-- com.Pratian.Culturewerkz.Automation.TestClasses.TestAddKeyResult -->
