<?xml version="1.0" encoding="UTF-8"?>
<!-- Generated by org.testng.reporters.JUnitReportReporter -->
<testsuite skipped="0" hostname="DESKTOP-UF756DS" name="com.Pratian.Culturewerkz.Automation.TestClasses.TestUseCase1" tests="4" failures="0" timestamp="2020-12-19T13:17:27 IST" time="37.288" errors="0">
  <testcase name="signIn" time="35.318" classname="com.Pratian.Culturewerkz.Automation.TestClasses.TestUseCase1"/>
  <system-out/>
  <testcase name="search" time="0.407" classname="com.Pratian.Culturewerkz.Automation.TestClasses.TestUseCase1"/>
  <system-out/>
  <testcase name="search" time="1.092" classname="com.Pratian.Culturewerkz.Automation.TestClasses.TestUseCase1"/>
  <system-out/>
  <testcase name="search" time="0.471" classname="com.Pratian.Culturewerkz.Automation.TestClasses.TestUseCase1"/>
  <system-out/>
</testsuite> <!-- com.Pratian.Culturewerkz.Automation.TestClasses.TestUseCase1 -->
