<?xml version="1.0" encoding="UTF-8"?>
<!-- Generated by org.testng.reporters.JUnitReportReporter -->
<testsuite skipped="0" hostname="DESKTOP-UF756DS" name="com.Pratian.Culturewerkz.Automation.TestClasses.TestWorkflow" tests="5" failures="0" timestamp="2021-01-07T16:07:07 IST" time="47.433" errors="0">
  <testcase name="signIn" time="20.535" classname="com.Pratian.Culturewerkz.Automation.TestClasses.TestWorkflow"/>
  <system-out/>
  <testcase name="search" time="1.144" classname="com.Pratian.Culturewerkz.Automation.TestClasses.TestWorkflow"/>
  <system-out/>
  <testcase name="search" time="0.697" classname="com.Pratian.Culturewerkz.Automation.TestClasses.TestWorkflow"/>
  <system-out/>
  <testcase name="search" time="2.336" classname="com.Pratian.Culturewerkz.Automation.TestClasses.TestWorkflow"/>
  <system-out/>
  <testcase name="publishObjective" time="22.721" classname="com.Pratian.Culturewerkz.Automation.TestClasses.TestWorkflow"/>
  <system-out/>
</testsuite> <!-- com.Pratian.Culturewerkz.Automation.TestClasses.TestWorkflow -->
