<?xml version="1.0" encoding="UTF-8"?>
<!-- Generated by org.testng.reporters.JUnitReportReporter -->
<testsuite skipped="0" hostname="DESKTOP-UF756DS" name="com.Pratian.Culturewerkz.Automation.TestClasses.TestOrganizationOkr2" tests="1" failures="0" timestamp="2020-12-14T19:46:04 IST" time="86.458" errors="0">
  <testcase name="peopleWiseOrgReport" time="86.458" classname="com.Pratian.Culturewerkz.Automation.TestClasses.TestOrganizationOkr2"/>
  <system-out/>
</testsuite> <!-- com.Pratian.Culturewerkz.Automation.TestClasses.TestOrganizationOkr2 -->
