<?xml version="1.0" encoding="UTF-8"?>
<!-- Generated by org.testng.reporters.JUnitReportReporter -->
<testsuite skipped="0" hostname="DESKTOP-UF756DS" name="com.Pratian.Culturewerkz.Automation.TestClasses.TestOrganizationOkr3" tests="1" failures="0" timestamp="2020-12-15T12:53:15 IST" time="30.680" errors="0">
  <testcase name="organizationWiseKeyResult" time="30.680" classname="com.Pratian.Culturewerkz.Automation.TestClasses.TestOrganizationOkr3"/>
  <system-out/>
</testsuite> <!-- com.Pratian.Culturewerkz.Automation.TestClasses.TestOrganizationOkr3 -->
