<?xml version="1.0" encoding="UTF-8"?>
<!-- Generated by org.testng.reporters.JUnitReportReporter -->
<testsuite skipped="0" hostname="DESKTOP-UF756DS" name="com.Pratian.Culturewerkz.Automation.TestClasses.TestSearch1" tests="4" failures="0" timestamp="2020-12-07T21:14:12 IST" time="14.083" errors="0">
  <testcase name="search" time="10.737" classname="com.Pratian.Culturewerkz.Automation.TestClasses.TestSearch1"/>
  <system-out/>
  <testcase name="search" time="1.680" classname="com.Pratian.Culturewerkz.Automation.TestClasses.TestSearch1"/>
  <system-out/>
  <testcase name="search" time="1.027" classname="com.Pratian.Culturewerkz.Automation.TestClasses.TestSearch1"/>
  <system-out/>
  <testcase name="search" time="0.639" classname="com.Pratian.Culturewerkz.Automation.TestClasses.TestSearch1"/>
  <system-out/>
</testsuite> <!-- com.Pratian.Culturewerkz.Automation.TestClasses.TestSearch1 -->
