<?xml version="1.0" encoding="UTF-8"?>
<!-- Generated by org.testng.reporters.JUnitReportReporter -->
<testsuite skipped="0" hostname="DESKTOP-UF756DS" name="com.Pratian.Culturewerkz.Automation.TestClasses.TestHari" tests="1" failures="0" timestamp="2020-12-10T13:23:01 IST" time="50.637" errors="0">
  <testcase name="signInWithValidCredentials" time="50.637" classname="com.Pratian.Culturewerkz.Automation.TestClasses.TestHari"/>
  <system-out/>
</testsuite> <!-- com.Pratian.Culturewerkz.Automation.TestClasses.TestHari -->
