<?xml version="1.0" encoding="UTF-8"?>
<!-- Generated by org.testng.reporters.JUnitReportReporter -->
<testsuite skipped="0" hostname="DESKTOP-UF756DS" name="com.Pratian.Culturewerkz.Automation.TestClasses.TestSignIn" tests="1" failures="0" timestamp="2020-12-10T18:20:03 IST" time="15.016" errors="0">
  <testcase name="signInWithValidCredentials" time="15.016" classname="com.Pratian.Culturewerkz.Automation.TestClasses.TestSignIn"/>
  <system-out/>
</testsuite> <!-- com.Pratian.Culturewerkz.Automation.TestClasses.TestSignIn -->
