<?xml version="1.0" encoding="UTF-8"?>
<!-- Generated by org.testng.reporters.JUnitReportReporter -->
<testsuite skipped="0" hostname="DESKTOP-UF756DS" name="com.Pratian.Culturewerkz.Automation.TestClasses.TestSearchDDT" tests="7" failures="0" timestamp="2020-12-26T14:37:59 IST" time="19.981" errors="0">
  <testcase name="search" time="16.855" classname="com.Pratian.Culturewerkz.Automation.TestClasses.TestSearchDDT"/>
  <system-out/>
  <testcase name="search" time="0.546" classname="com.Pratian.Culturewerkz.Automation.TestClasses.TestSearchDDT"/>
  <system-out/>
  <testcase name="search" time="0.452" classname="com.Pratian.Culturewerkz.Automation.TestClasses.TestSearchDDT"/>
  <system-out/>
  <testcase name="search" time="0.755" classname="com.Pratian.Culturewerkz.Automation.TestClasses.TestSearchDDT"/>
  <system-out/>
  <testcase name="search" time="0.401" classname="com.Pratian.Culturewerkz.Automation.TestClasses.TestSearchDDT"/>
  <system-out/>
  <testcase name="search" time="0.493" classname="com.Pratian.Culturewerkz.Automation.TestClasses.TestSearchDDT"/>
  <system-out/>
  <testcase name="search" time="0.479" classname="com.Pratian.Culturewerkz.Automation.TestClasses.TestSearchDDT"/>
  <system-out/>
</testsuite> <!-- com.Pratian.Culturewerkz.Automation.TestClasses.TestSearchDDT -->
