<?xml version="1.0" encoding="UTF-8"?>
<!-- Generated by org.testng.reporters.JUnitReportReporter -->
<testsuite skipped="0" hostname="DESKTOP-UF756DS" name="com.Pratian.Culturewerkz.Automation.TestClasses.TestSignIn2" tests="1" failures="0" timestamp="2020-12-07T21:14:12 IST" time="90.041" errors="0">
  <testcase name="signInWithInvalidCredentials" time="90.041" classname="com.Pratian.Culturewerkz.Automation.TestClasses.TestSignIn2"/>
  <system-out/>
</testsuite> <!-- com.Pratian.Culturewerkz.Automation.TestClasses.TestSignIn2 -->
