<?xml version="1.0" encoding="UTF-8"?>
<!-- Generated by org.testng.reporters.JUnitReportReporter -->
<testsuite skipped="0" hostname="DESKTOP-UF756DS" name="com.Pratian.Culturewerkz.Automation.TestClasses.TestLoginDDT" tests="1" failures="0" timestamp="2020-12-26T14:34:01 IST" time="51.172" errors="0">
  <testcase name="signInWithValidCredentials" time="51.172" classname="com.Pratian.Culturewerkz.Automation.TestClasses.TestLoginDDT"/>
  <system-out/>
</testsuite> <!-- com.Pratian.Culturewerkz.Automation.TestClasses.TestLoginDDT -->
