<?xml version="1.0" encoding="UTF-8"?>
<!-- Generated by org.testng.reporters.JUnitReportReporter -->
<testsuite skipped="0" hostname="DESKTOP-UF756DS" name="com.Pratian.Culturewerkz.Automation.TestClasses.DeletingObjectiveAlert" tests="1" failures="0" timestamp="2020-12-11T11:22:58 IST" time="27.803" errors="0">
  <testcase name="AlertMessageOnDeletingObjective" time="27.803" classname="com.Pratian.Culturewerkz.Automation.TestClasses.DeletingObjectiveAlert"/>
  <system-out/>
</testsuite> <!-- com.Pratian.Culturewerkz.Automation.TestClasses.DeletingObjectiveAlert -->
