<?xml version="1.0" encoding="UTF-8"?>
<!-- Generated by org.testng.reporters.JUnitReportReporter -->
<testsuite skipped="0" hostname="DESKTOP-UF756DS" name="com.Pratian.Culturewerkz.Automation.TestClasses.TestOrganizationOkr1" tests="1" failures="0" timestamp="2020-12-14T19:04:53 IST" time="62.556" errors="0">
  <testcase name="peopleWiseOrgReport" time="62.556" classname="com.Pratian.Culturewerkz.Automation.TestClasses.TestOrganizationOkr1"/>
  <system-out/>
</testsuite> <!-- com.Pratian.Culturewerkz.Automation.TestClasses.TestOrganizationOkr1 -->
