<?xml version="1.0" encoding="UTF-8"?>
<!-- Generated by org.testng.reporters.JUnitReportReporter -->
<testsuite skipped="0" hostname="DESKTOP-UF756DS" name="com.Pratian.Culturewerkz.Automation.TestClasses.TestUpdatePassword" tests="1" failures="0" timestamp="2020-12-14T20:06:50 IST" time="21.773" errors="0">
  <testcase name="signInWithValidCredentials" time="21.773" classname="com.Pratian.Culturewerkz.Automation.TestClasses.TestUpdatePassword"/>
  <system-out/>
</testsuite> <!-- com.Pratian.Culturewerkz.Automation.TestClasses.TestUpdatePassword -->
