<?xml version="1.0" encoding="UTF-8"?>
<!-- Generated by org.testng.reporters.JUnitReportReporter -->
<testsuite skipped="0" hostname="DESKTOP-UF756DS" name="com.Pratian.Culturewerkz.Automation.TestClasses.TestSearch1" tests="4" failures="0" timestamp="2021-02-10T19:11:50 IST" time="27.571" errors="0">
  <testcase name="search" time="25.666" classname="com.Pratian.Culturewerkz.Automation.TestClasses.TestSearch1"/>
  <system-out/>
  <testcase name="search" time="0.427" classname="com.Pratian.Culturewerkz.Automation.TestClasses.TestSearch1"/>
  <system-out/>
  <testcase name="search" time="1.026" classname="com.Pratian.Culturewerkz.Automation.TestClasses.TestSearch1"/>
  <system-out/>
  <testcase name="search" time="0.452" classname="com.Pratian.Culturewerkz.Automation.TestClasses.TestSearch1"/>
  <system-out/>
</testsuite> <!-- com.Pratian.Culturewerkz.Automation.TestClasses.TestSearch1 -->
