<?xml version="1.0" encoding="UTF-8"?>
<!-- Generated by org.testng.reporters.JUnitReportReporter -->
<testsuite skipped="0" hostname="DESKTOP-UF756DS" name="com.Pratian.Culturewerkz.Automation.TestClasses.TestSendFeedback" tests="1" failures="0" timestamp="2020-12-15T12:08:28 IST" time="15.227" errors="0">
  <testcase name="updatePassword" time="15.227" classname="com.Pratian.Culturewerkz.Automation.TestClasses.TestSendFeedback"/>
  <system-out/>
</testsuite> <!-- com.Pratian.Culturewerkz.Automation.TestClasses.TestSendFeedback -->
