<?xml version="1.0" encoding="UTF-8"?>
<!-- Generated by org.testng.reporters.JUnitReportReporter -->
<testsuite skipped="0" hostname="DESKTOP-UF756DS" name="com.Pratian.Culturewerkz.Automation.TestClasses.TestEditDraft" tests="1" failures="0" timestamp="2020-12-15T15:35:05 IST" time="32.388" errors="0">
  <testcase name="updatedDraftOkrpage" time="32.388" classname="com.Pratian.Culturewerkz.Automation.TestClasses.TestEditDraft"/>
  <system-out/>
</testsuite> <!-- com.Pratian.Culturewerkz.Automation.TestClasses.TestEditDraft -->
